# JRE version: OpenJDK Runtime Environment Temurin-21.0.9+10 (21.0.9+10) (build 21.0.9+10-LTS)
# Java VM: OpenJDK 64-Bit Server VM Temurin-21.0.9+10 (21.0.9+10-LTS, mixed mode, sharing, tiered, compressed oops, compressed class ptrs, g1 gc, windows-amd64)
GC Precious Log:
 CardTable entry size: 512
 Card Set container configuration: InlinePtr #cards 4 size 8 Array Of Cards #cards 16 size 48 Howl #buckets 8 coarsen threshold 3686 Howl Bitmap #cards 512 size 80 coarsen threshold 460 Card regions per heap region 1 cards per card region 4096
 CPUs: 20 total, 20 available
 Memory: 16173M
 Large Page Support: Disabled
 NUMA Support: Disabled
 Compressed Oops: Enabled (Zero based)
 Heap Region Size: 2M
 Heap Min Capacity: 8M
 Heap Initial Capacity: 254M
 Heap Max Capacity: 4044M
 Pre-touch: Disabled
 Parallel Workers: 15
 Concurrent Workers: 4
 Concurrent Refinement Workers: 15
 Periodic GC: Disabled
Heap:
 garbage-first heap   total 14336K, used 3390K [0x0000000703400000, 0x0000000800000000)
  region size 2048K, 1 young (2048K), 0 survivors (0K)
 Metaspace       used 5585K, committed 5824K, reserved 1114112K
  class space    used 632K, committed 768K, reserved 1048576K
GC Heap History (20 events):
Event: 5903.451 GC heap after
{Heap after GC invocations=575 (full 575):
 garbage-first heap   total 14336K, used 3390K [0x0000000703400000, 0x0000000800000000)
  region size 2048K, 0 young (0K), 0 survivors (0K)
 Metaspace       used 5553K, committed 5824K, reserved 1114112K
  class space    used 630K, committed 768K, reserved 1048576K
}
Event: 5914.218 GC heap before
{Heap before GC invocations=575 (full 575):
 garbage-first heap   total 14336K, used 3390K [0x0000000703400000, 0x0000000800000000)
  region size 2048K, 1 young (2048K), 0 survivors (0K)
 Metaspace       used 5553K, committed 5824K, reserved 1114112K
  class space    used 630K, committed 768K, reserved 1048576K
}
Event: 5914.226 GC heap after
{Heap after GC invocations=576 (full 576):
 garbage-first heap   total 14336K, used 3390K [0x0000000703400000, 0x0000000800000000)
  region size 2048K, 0 young (0K), 0 survivors (0K)
 Metaspace       used 5553K, committed 5824K, reserved 1114112K
  class space    used 630K, committed 768K, reserved 1048576K
}
Event: 5924.917 GC heap before
{Heap before GC invocations=576 (full 576):
 garbage-first heap   total 14336K, used 3390K [0x0000000703400000, 0x0000000800000000)
  region size 2048K, 1 young (2048K), 0 survivors (0K)
 Metaspace       used 5553K, committed 5824K, reserved 1114112K
  class space    used 630K, committed 768K, reserved 1048576K
}
Event: 5924.926 GC heap after
{Heap after GC invocations=577 (full 577):
 garbage-first heap   total 14336K, used 3390K [0x0000000703400000, 0x0000000800000000)
  region size 2048K, 0 young (0K), 0 survivors (0K)
 Metaspace       used 5553K, committed 5824K, reserved 1114112K
  class space    used 630K, committed 768K, reserved 1048576K
}
Event: 5935.991 GC heap before
{Heap before GC invocations=577 (full 577):
 garbage-first heap   total 14336K, used 3390K [0x0000000703400000, 0x0000000800000000)
  region size 2048K, 1 young (2048K), 0 survivors (0K)
 Metaspace       used 5553K, committed 5824K, reserved 1114112K
  class space    used 630K, committed 768K, reserved 1048576K
}
Event: 5936.000 GC heap after
{Heap after GC invocations=578 (full 578):
 garbage-first heap   total 14336K, used 3390K [0x0000000703400000, 0x0000000800000000)
  region size 2048K, 0 young (0K), 0 survivors (0K)
 Metaspace       used 5553K, committed 5824K, reserved 1114112K
  class space    used 630K, committed 768K, reserved 1048576K
}
Event: 5947.148 GC heap before
{Heap before GC invocations=578 (full 578):
 garbage-first heap   total 14336K, used 3390K [0x0000000703400000, 0x0000000800000000)
  region size 2048K, 1 young (2048K), 0 survivors (0K)
 Metaspace       used 5553K, committed 5824K, reserved 1114112K
  class space    used 630K, committed 768K, reserved 1048576K
}
Event: 5947.156 GC heap after
{Heap after GC invocations=579 (full 579):
 garbage-first heap   total 14336K, used 3390K [0x0000000703400000, 0x0000000800000000)
  region size 2048K, 0 young (0K), 0 survivors (0K)
 Metaspace       used 5553K, committed 5824K, reserved 1114112K
  class space    used 630K, committed 768K, reserved 1048576K
}
Event: 5958.530 GC heap before
{Heap before GC invocations=579 (full 579):
 garbage-first heap   total 14336K, used 3390K [0x0000000703400000, 0x0000000800000000)
  region size 2048K, 1 young (2048K), 0 survivors (0K)
 Metaspace       used 5553K, committed 5824K, reserved 1114112K
  class space    used 630K, committed 768K, reserved 1048576K
}
Event: 5958.538 GC heap after
{Heap after GC invocations=580 (full 580):
 garbage-first heap   total 14336K, used 3390K [0x0000000703400000, 0x0000000800000000)
  region size 2048K, 0 young (0K), 0 survivors (0K)
 Metaspace       used 5553K, committed 5824K, reserved 1114112K
  class space    used 630K, committed 768K, reserved 1048576K
}
Event: 5970.144 GC heap before
{Heap before GC invocations=580 (full 580):
 garbage-first heap   total 14336K, used 3390K [0x0000000703400000, 0x0000000800000000)
  region size 2048K, 1 young (2048K), 0 survivors (0K)
 Metaspace       used 5553K, committed 5824K, reserved 1114112K
  class space    used 630K, committed 768K, reserved 1048576K
}
Event: 5970.151 GC heap after
{Heap after GC invocations=581 (full 581):
 garbage-first heap   total 14336K, used 3390K [0x0000000703400000, 0x0000000800000000)
  region size 2048K, 0 young (0K), 0 survivors (0K)
 Metaspace       used 5553K, committed 5824K, reserved 1114112K
  class space    used 630K, committed 768K, reserved 1048576K
}
Event: 5981.709 GC heap before
{Heap before GC invocations=581 (full 581):
 garbage-first heap   total 14336K, used 3390K [0x0000000703400000, 0x0000000800000000)
  region size 2048K, 1 young (2048K), 0 survivors (0K)
 Metaspace       used 5553K, committed 5824K, reserved 1114112K
  class space    used 630K, committed 768K, reserved 1048576K
}
Event: 5981.716 GC heap after
{Heap after GC invocations=582 (full 582):
 garbage-first heap   total 14336K, used 3390K [0x0000000703400000, 0x0000000800000000)
  region size 2048K, 0 young (0K), 0 survivors (0K)
 Metaspace       used 5553K, committed 5824K, reserved 1114112K
  class space    used 630K, committed 768K, reserved 1048576K
}
Event: 5994.783 GC heap before
{Heap before GC invocations=582 (full 582):
 garbage-first heap   total 14336K, used 3390K [0x0000000703400000, 0x0000000800000000)
  region size 2048K, 1 young (2048K), 0 survivors (0K)
 Metaspace       used 5553K, committed 5824K, reserved 1114112K
  class space    used 630K, committed 768K, reserved 1048576K
}
Event: 5994.791 GC heap after
{Heap after GC invocations=583 (full 583):
 garbage-first heap   total 14336K, used 3390K [0x0000000703400000, 0x0000000800000000)
  region size 2048K, 0 young (0K), 0 survivors (0K)
 Metaspace       used 5553K, committed 5824K, reserved 1114112K
  class space    used 630K, committed 768K, reserved 1048576K
}
Event: 6010.008 GC heap before
{Heap before GC invocations=583 (full 583):
 garbage-first heap   total 14336K, used 3390K [0x0000000703400000, 0x0000000800000000)
  region size 2048K, 1 young (2048K), 0 survivors (0K)
 Metaspace       used 5553K, committed 5824K, reserved 1114112K
  class space    used 630K, committed 768K, reserved 1048576K
}
Event: 6010.017 GC heap after
{Heap after GC invocations=584 (full 584):
 garbage-first heap   total 14336K, used 3390K [0x0000000703400000, 0x0000000800000000)
  region size 2048K, 0 young (0K), 0 survivors (0K)
 Metaspace       used 5553K, committed 5824K, reserved 1114112K
  class space    used 630K, committed 768K, reserved 1048576K
}
Event: 6042.175 GC heap before
{Heap before GC invocations=584 (full 584):
 garbage-first heap   total 14336K, used 3390K [0x0000000703400000, 0x0000000800000000)
  region size 2048K, 1 young (2048K), 0 survivors (0K)
 Metaspace       used 5585K, committed 5824K, reserved 1114112K
  class space    used 632K, committed 768K, reserved 1048576K
}

